[2025-06-14T17:02:34.049+0000] {local_task_job_runner.py:120} INFO - ::group::Pre task execution logs
[2025-06-14T17:02:34.080+0000] {taskinstance.py:2076} INFO - Dependencies all met for dep_context=non-requeueable deps ti=<TaskInstance: usdpkr_forecasting_modular.feature_engineering manual__2025-06-14T16:58:05.300104+00:00 [queued]>
[2025-06-14T17:02:34.090+0000] {taskinstance.py:2076} INFO - Dependencies all met for dep_context=requeueable deps ti=<TaskInstance: usdpkr_forecasting_modular.feature_engineering manual__2025-06-14T16:58:05.300104+00:00 [queued]>
[2025-06-14T17:02:34.091+0000] {taskinstance.py:2306} INFO - Starting attempt 3 of 3
[2025-06-14T17:02:34.106+0000] {taskinstance.py:2330} INFO - Executing <Task(PythonOperator): feature_engineering> on 2025-06-14 16:58:05.300104+00:00
[2025-06-14T17:02:34.120+0000] {standard_task_runner.py:63} INFO - Started process 211 to run task
[2025-06-14T17:02:34.122+0000] {standard_task_runner.py:90} INFO - Running: ['***', 'tasks', 'run', 'usdpkr_forecasting_modular', 'feature_engineering', 'manual__2025-06-14T16:58:05.300104+00:00', '--job-id', '361', '--raw', '--subdir', 'DAGS_FOLDER/usdpkr_forecasting_dag.py', '--cfg-path', '/tmp/tmpjne68wd8']
[2025-06-14T17:02:34.125+0000] {standard_task_runner.py:91} INFO - Job 361: Subtask feature_engineering
[2025-06-14T17:02:34.169+0000] {task_command.py:426} INFO - Running <TaskInstance: usdpkr_forecasting_modular.feature_engineering manual__2025-06-14T16:58:05.300104+00:00 [running]> on host 1ada37a5d2dc
[2025-06-14T17:02:34.310+0000] {taskinstance.py:2648} INFO - Exporting env vars: AIRFLOW_CTX_DAG_OWNER='***' AIRFLOW_CTX_DAG_ID='usdpkr_forecasting_modular' AIRFLOW_CTX_TASK_ID='feature_engineering' AIRFLOW_CTX_EXECUTION_DATE='2025-06-14T16:58:05.300104+00:00' AIRFLOW_CTX_TRY_NUMBER='3' AIRFLOW_CTX_DAG_RUN_ID='manual__2025-06-14T16:58:05.300104+00:00'
[2025-06-14T17:02:34.312+0000] {taskinstance.py:430} INFO - ::endgroup::
[2025-06-14T17:02:34.324+0000] {taskinstance.py:441} INFO - ::group::Post task execution logs
[2025-06-14T17:02:34.325+0000] {taskinstance.py:2905} ERROR - Task failed with exception
Traceback (most recent call last):
  File "/home/airflow/.local/lib/python3.12/site-packages/airflow/models/taskinstance.py", line 465, in _execute_task
    result = _execute_callable(context=context, **execute_callable_kwargs)
             ^^^^^^^^^^^^^^^^^^^^^^^^^^^^^^^^^^^^^^^^^^^^^^^^^^^^^^^^^^^^^
  File "/home/airflow/.local/lib/python3.12/site-packages/airflow/models/taskinstance.py", line 432, in _execute_callable
    return execute_callable(context=context, **execute_callable_kwargs)
           ^^^^^^^^^^^^^^^^^^^^^^^^^^^^^^^^^^^^^^^^^^^^^^^^^^^^^^^^^^^^
  File "/home/airflow/.local/lib/python3.12/site-packages/airflow/models/baseoperator.py", line 400, in wrapper
    return func(self, *args, **kwargs)
           ^^^^^^^^^^^^^^^^^^^^^^^^^^^
  File "/home/airflow/.local/lib/python3.12/site-packages/airflow/operators/python.py", line 235, in execute
    return_value = self.execute_callable()
                   ^^^^^^^^^^^^^^^^^^^^^^^
  File "/home/airflow/.local/lib/python3.12/site-packages/airflow/operators/python.py", line 252, in execute_callable
    return self.python_callable(*self.op_args, **self.op_kwargs)
           ^^^^^^^^^^^^^^^^^^^^^^^^^^^^^^^^^^^^^^^^^^^^^^^^^^^^^
TypeError: engineer_features() missing 1 required positional argument: 'df_path'
[2025-06-14T17:02:34.334+0000] {taskinstance.py:1206} INFO - Marking task as FAILED. dag_id=usdpkr_forecasting_modular, task_id=feature_engineering, run_id=manual__2025-06-14T16:58:05.300104+00:00, execution_date=20250614T165805, start_date=20250614T170234, end_date=20250614T170234
[2025-06-14T17:02:34.335+0000] {usdpkr_forecasting_dag.py:25} ERROR - Task feature_engineering failed with error: engineer_features() missing 1 required positional argument: 'df_path'
[2025-06-14T17:02:34.355+0000] {standard_task_runner.py:110} ERROR - Failed to execute job 361 for task feature_engineering (engineer_features() missing 1 required positional argument: 'df_path'; 211)
[2025-06-14T17:02:34.376+0000] {local_task_job_runner.py:240} INFO - Task exited with return code 1
[2025-06-14T17:02:34.399+0000] {taskinstance.py:3498} INFO - 0 downstream tasks scheduled from follow-on schedule check
[2025-06-14T17:02:34.409+0000] {local_task_job_runner.py:222} INFO - ::endgroup::
